<?xml version="1.0" encoding="UTF-8"?>
<testng-results ignored="0" total="1" passed="1" failed="0" skipped="0">
  <reporter-output>
  </reporter-output>
  <suite started-at="2023-08-07T18:17:18 IST" name="Default suite" finished-at="2023-08-07T18:17:40 IST" duration-ms="21631">
    <groups>
    </groups>
    <test started-at="2023-08-07T18:17:18 IST" name="Default test" finished-at="2023-08-07T18:17:40 IST" duration-ms="21631">
      <class name="step.Cart_Page">
        <test-method is-config="true" signature="Launch_browser()[pri:0, instance:step.Cart_Page@5c6648b0]" started-at="2023-08-07T18:17:18 IST" name="Launch_browser" finished-at="2023-08-07T18:17:24 IST" duration-ms="6001" status="PASS">
          <reporter-output>
          </reporter-output>
        </test-method> <!-- Launch_browser -->
        <test-method signature="Incresing_the_product_Quantity()[pri:0, instance:step.Cart_Page@5c6648b0]" started-at="2023-08-07T18:17:24 IST" name="Incresing_the_product_Quantity" finished-at="2023-08-07T18:17:40 IST" duration-ms="15554" status="PASS">
          <reporter-output>
          </reporter-output>
        </test-method> <!-- Incresing_the_product_Quantity -->
      </class> <!-- step.Cart_Page -->
    </test> <!-- Default test -->
  </suite> <!-- Default suite -->
</testng-results>
